CRITICAL - 2023-04-26 09:59:12 --> Undefined property: App\Controllers\Master::$ModelRs
in APPPATH\Controllers\Master.php on line 1773.
 1 APPPATH\Controllers\Master.php(1773): CodeIgniter\Debug\Exceptions->errorHandler(2, 'Undefined property: App\\Controllers\\Master::$ModelRs', 'APPPATH\\Controllers\\Master.php', 1773)
 2 SYSTEMPATH\CodeIgniter.php(904): App\Controllers\Master->index_rs()
 3 SYSTEMPATH\CodeIgniter.php(457): CodeIgniter\CodeIgniter->runController(Object(App\Controllers\Master))
 4 SYSTEMPATH\CodeIgniter.php(340): CodeIgniter\CodeIgniter->handleRequest(null, Object(Config\Cache), false)
 5 FCPATH\index.php(67): CodeIgniter\CodeIgniter->run()
CRITICAL - 2023-04-26 10:22:41 --> Class "App\Models\ModelPoli" not found
in APPPATH\Controllers\Master.php on line 29.
 1 SYSTEMPATH\CodeIgniter.php(866): App\Controllers\Master->__construct()
 2 SYSTEMPATH\CodeIgniter.php(448): CodeIgniter\CodeIgniter->createController()
 3 SYSTEMPATH\CodeIgniter.php(340): CodeIgniter\CodeIgniter->handleRequest(null, Object(Config\Cache), false)
 4 FCPATH\index.php(67): CodeIgniter\CodeIgniter->run()
CRITICAL - 2023-04-26 10:30:00 --> Undefined array key "nm_poli"
in APPPATH\Views\master\v_poli.php on line 63.
 1 APPPATH\Views\master\v_poli.php(63): CodeIgniter\Debug\Exceptions->errorHandler(2, 'Undefined array key "nm_poli"', 'APPPATH\\Views\\master\\v_poli.php', 63)
 2 SYSTEMPATH\View\View.php(213): include('APPPATH\\Views\\master\\v_poli.php')
 3 SYSTEMPATH\View\View.php(216): CodeIgniter\View\View->CodeIgniter\View\{closure}()
 4 SYSTEMPATH\Common.php(1137): CodeIgniter\View\View->render('master/v_poli', [], true)
 5 APPPATH\Views\layout\v_content.php(4): view('master/v_poli')
 6 SYSTEMPATH\View\View.php(213): include('APPPATH\\Views\\layout\\v_content.php')
 7 SYSTEMPATH\View\View.php(216): CodeIgniter\View\View->CodeIgniter\View\{closure}()
 8 SYSTEMPATH\Common.php(1137): CodeIgniter\View\View->render('layout/v_content', [], true)
 9 APPPATH\Views\layout\v_wrapper.php(6): view('layout/v_content')
10 SYSTEMPATH\View\View.php(213): include('APPPATH\\Views\\layout\\v_wrapper.php')
11 SYSTEMPATH\View\View.php(216): CodeIgniter\View\View->CodeIgniter\View\{closure}()
12 SYSTEMPATH\Common.php(1137): CodeIgniter\View\View->render('layout/v_wrapper', [], true)
13 APPPATH\Controllers\Master.php(1880): view('layout/v_wrapper', [...])
14 SYSTEMPATH\CodeIgniter.php(904): App\Controllers\Master->index_poli()
15 SYSTEMPATH\CodeIgniter.php(457): CodeIgniter\CodeIgniter->runController(Object(App\Controllers\Master))
16 SYSTEMPATH\CodeIgniter.php(340): CodeIgniter\CodeIgniter->handleRequest(null, Object(Config\Cache), false)
17 FCPATH\index.php(67): CodeIgniter\CodeIgniter->run()
ERROR - 2023-04-26 10:30:41 --> mysqli_sql_exception: Table 'db_klinik.tb_poli' doesn't exist in C:\xampp\htdocs\klinik\system\Database\MySQLi\Connection.php:292
Stack trace:
#0 C:\xampp\htdocs\klinik\system\Database\MySQLi\Connection.php(292): mysqli->query('SELECT *\nFROM `...', 0)
#1 C:\xampp\htdocs\klinik\system\Database\BaseConnection.php(693): CodeIgniter\Database\MySQLi\Connection->execute('SELECT *\nFROM `...')
#2 C:\xampp\htdocs\klinik\system\Database\BaseConnection.php(620): CodeIgniter\Database\BaseConnection->simpleQuery('SELECT *\nFROM `...')
#3 C:\xampp\htdocs\klinik\system\Database\BaseBuilder.php(1585): CodeIgniter\Database\BaseConnection->query('SELECT *\nFROM `...', Array, false)
#4 C:\xampp\htdocs\klinik\app\Models\ModelPoli.php(18): CodeIgniter\Database\BaseBuilder->get()
#5 C:\xampp\htdocs\klinik\app\Controllers\Master.php(1878): App\Models\ModelPoli->allData()
#6 C:\xampp\htdocs\klinik\system\CodeIgniter.php(904): App\Controllers\Master->index_poli()
#7 C:\xampp\htdocs\klinik\system\CodeIgniter.php(457): CodeIgniter\CodeIgniter->runController(Object(App\Controllers\Master))
#8 C:\xampp\htdocs\klinik\system\CodeIgniter.php(340): CodeIgniter\CodeIgniter->handleRequest(NULL, Object(Config\Cache), false)
#9 C:\xampp\htdocs\klinik\public\index.php(67): CodeIgniter\CodeIgniter->run()
#10 {main}
CRITICAL - 2023-04-26 10:30:41 --> Call to a member function getResultArray() on bool
in APPPATH\Models\ModelPoli.php on line 18.
 1 APPPATH\Controllers\Master.php(1878): App\Models\ModelPoli->allData()
 2 SYSTEMPATH\CodeIgniter.php(904): App\Controllers\Master->index_poli()
 3 SYSTEMPATH\CodeIgniter.php(457): CodeIgniter\CodeIgniter->runController(Object(App\Controllers\Master))
 4 SYSTEMPATH\CodeIgniter.php(340): CodeIgniter\CodeIgniter->handleRequest(null, Object(Config\Cache), false)
 5 FCPATH\index.php(67): CodeIgniter\CodeIgniter->run()
ERROR - 2023-04-26 10:31:09 --> mysqli_sql_exception: Table 'db_klinik.tb_poli' doesn't exist in C:\xampp\htdocs\klinik\system\Database\MySQLi\Connection.php:292
Stack trace:
#0 C:\xampp\htdocs\klinik\system\Database\MySQLi\Connection.php(292): mysqli->query('SELECT *\nFROM `...', 0)
#1 C:\xampp\htdocs\klinik\system\Database\BaseConnection.php(693): CodeIgniter\Database\MySQLi\Connection->execute('SELECT *\nFROM `...')
#2 C:\xampp\htdocs\klinik\system\Database\BaseConnection.php(620): CodeIgniter\Database\BaseConnection->simpleQuery('SELECT *\nFROM `...')
#3 C:\xampp\htdocs\klinik\system\Database\BaseBuilder.php(1585): CodeIgniter\Database\BaseConnection->query('SELECT *\nFROM `...', Array, false)
#4 C:\xampp\htdocs\klinik\app\Models\ModelPoli.php(18): CodeIgniter\Database\BaseBuilder->get()
#5 C:\xampp\htdocs\klinik\app\Controllers\Master.php(1878): App\Models\ModelPoli->allData()
#6 C:\xampp\htdocs\klinik\system\CodeIgniter.php(904): App\Controllers\Master->index_poli()
#7 C:\xampp\htdocs\klinik\system\CodeIgniter.php(457): CodeIgniter\CodeIgniter->runController(Object(App\Controllers\Master))
#8 C:\xampp\htdocs\klinik\system\CodeIgniter.php(340): CodeIgniter\CodeIgniter->handleRequest(NULL, Object(Config\Cache), false)
#9 C:\xampp\htdocs\klinik\public\index.php(67): CodeIgniter\CodeIgniter->run()
#10 {main}
CRITICAL - 2023-04-26 10:31:09 --> Call to a member function getResultArray() on bool
in APPPATH\Models\ModelPoli.php on line 18.
 1 APPPATH\Controllers\Master.php(1878): App\Models\ModelPoli->allData()
 2 SYSTEMPATH\CodeIgniter.php(904): App\Controllers\Master->index_poli()
 3 SYSTEMPATH\CodeIgniter.php(457): CodeIgniter\CodeIgniter->runController(Object(App\Controllers\Master))
 4 SYSTEMPATH\CodeIgniter.php(340): CodeIgniter\CodeIgniter->handleRequest(null, Object(Config\Cache), false)
 5 FCPATH\index.php(67): CodeIgniter\CodeIgniter->run()
CRITICAL - 2023-04-26 11:40:52 --> Undefined variable $lab
in APPPATH\Views\jadwal\v_jadwal.php on line 63.
 1 APPPATH\Views\jadwal\v_jadwal.php(63): CodeIgniter\Debug\Exceptions->errorHandler(2, 'Undefined variable $lab', 'APPPATH\\Views\\jadwal\\v_jadwal.php', 63)
 2 SYSTEMPATH\View\View.php(213): include('APPPATH\\Views\\jadwal\\v_jadwal.php')
 3 SYSTEMPATH\View\View.php(216): CodeIgniter\View\View->CodeIgniter\View\{closure}()
 4 SYSTEMPATH\Common.php(1137): CodeIgniter\View\View->render('jadwal/v_jadwal', [], true)
 5 APPPATH\Views\layout\v_content.php(4): view('jadwal/v_jadwal')
 6 SYSTEMPATH\View\View.php(213): include('APPPATH\\Views\\layout\\v_content.php')
 7 SYSTEMPATH\View\View.php(216): CodeIgniter\View\View->CodeIgniter\View\{closure}()
 8 SYSTEMPATH\Common.php(1137): CodeIgniter\View\View->render('layout/v_content', [], true)
 9 APPPATH\Views\layout\v_wrapper.php(6): view('layout/v_content')
10 SYSTEMPATH\View\View.php(213): include('APPPATH\\Views\\layout\\v_wrapper.php')
11 SYSTEMPATH\View\View.php(216): CodeIgniter\View\View->CodeIgniter\View\{closure}()
12 SYSTEMPATH\Common.php(1137): CodeIgniter\View\View->render('layout/v_wrapper', [], true)
13 APPPATH\Controllers\Jadwal.php(21): view('layout/v_wrapper', [...])
14 SYSTEMPATH\CodeIgniter.php(904): App\Controllers\Jadwal->index_dokter()
15 SYSTEMPATH\CodeIgniter.php(457): CodeIgniter\CodeIgniter->runController(Object(App\Controllers\Jadwal))
16 SYSTEMPATH\CodeIgniter.php(340): CodeIgniter\CodeIgniter->handleRequest(null, Object(Config\Cache), false)
17 FCPATH\index.php(67): CodeIgniter\CodeIgniter->run()
CRITICAL - 2023-04-26 11:41:00 --> Undefined array key "hari"
in APPPATH\Views\jadwal\v_jadwal.php on line 66.
 1 APPPATH\Views\jadwal\v_jadwal.php(66): CodeIgniter\Debug\Exceptions->errorHandler(2, 'Undefined array key "hari"', 'APPPATH\\Views\\jadwal\\v_jadwal.php', 66)
 2 SYSTEMPATH\View\View.php(213): include('APPPATH\\Views\\jadwal\\v_jadwal.php')
 3 SYSTEMPATH\View\View.php(216): CodeIgniter\View\View->CodeIgniter\View\{closure}()
 4 SYSTEMPATH\Common.php(1137): CodeIgniter\View\View->render('jadwal/v_jadwal', [], true)
 5 APPPATH\Views\layout\v_content.php(4): view('jadwal/v_jadwal')
 6 SYSTEMPATH\View\View.php(213): include('APPPATH\\Views\\layout\\v_content.php')
 7 SYSTEMPATH\View\View.php(216): CodeIgniter\View\View->CodeIgniter\View\{closure}()
 8 SYSTEMPATH\Common.php(1137): CodeIgniter\View\View->render('layout/v_content', [], true)
 9 APPPATH\Views\layout\v_wrapper.php(6): view('layout/v_content')
10 SYSTEMPATH\View\View.php(213): include('APPPATH\\Views\\layout\\v_wrapper.php')
11 SYSTEMPATH\View\View.php(216): CodeIgniter\View\View->CodeIgniter\View\{closure}()
12 SYSTEMPATH\Common.php(1137): CodeIgniter\View\View->render('layout/v_wrapper', [], true)
13 APPPATH\Controllers\Jadwal.php(21): view('layout/v_wrapper', [...])
14 SYSTEMPATH\CodeIgniter.php(904): App\Controllers\Jadwal->index_dokter()
15 SYSTEMPATH\CodeIgniter.php(457): CodeIgniter\CodeIgniter->runController(Object(App\Controllers\Jadwal))
16 SYSTEMPATH\CodeIgniter.php(340): CodeIgniter\CodeIgniter->handleRequest(null, Object(Config\Cache), false)
17 FCPATH\index.php(67): CodeIgniter\CodeIgniter->run()
ERROR - 2023-04-26 11:42:54 --> mysqli_sql_exception: Unknown column 'tb.jadwal.hari' in 'order clause' in C:\xampp\htdocs\klinik\system\Database\MySQLi\Connection.php:292
Stack trace:
#0 C:\xampp\htdocs\klinik\system\Database\MySQLi\Connection.php(292): mysqli->query('SELECT *\nFROM `...', 0)
#1 C:\xampp\htdocs\klinik\system\Database\BaseConnection.php(693): CodeIgniter\Database\MySQLi\Connection->execute('SELECT *\nFROM `...')
#2 C:\xampp\htdocs\klinik\system\Database\BaseConnection.php(620): CodeIgniter\Database\BaseConnection->simpleQuery('SELECT *\nFROM `...')
#3 C:\xampp\htdocs\klinik\system\Database\BaseBuilder.php(1585): CodeIgniter\Database\BaseConnection->query('SELECT *\nFROM `...', Array, false)
#4 C:\xampp\htdocs\klinik\app\Models\ModelJadwal.php(19): CodeIgniter\Database\BaseBuilder->get()
#5 C:\xampp\htdocs\klinik\app\Controllers\Jadwal.php(19): App\Models\ModelJadwal->allData()
#6 C:\xampp\htdocs\klinik\system\CodeIgniter.php(904): App\Controllers\Jadwal->index_dokter()
#7 C:\xampp\htdocs\klinik\system\CodeIgniter.php(457): CodeIgniter\CodeIgniter->runController(Object(App\Controllers\Jadwal))
#8 C:\xampp\htdocs\klinik\system\CodeIgniter.php(340): CodeIgniter\CodeIgniter->handleRequest(NULL, Object(Config\Cache), false)
#9 C:\xampp\htdocs\klinik\public\index.php(67): CodeIgniter\CodeIgniter->run()
#10 {main}
CRITICAL - 2023-04-26 11:42:54 --> Call to a member function getResultArray() on bool
in APPPATH\Models\ModelJadwal.php on line 19.
 1 APPPATH\Controllers\Jadwal.php(19): App\Models\ModelJadwal->allData()
 2 SYSTEMPATH\CodeIgniter.php(904): App\Controllers\Jadwal->index_dokter()
 3 SYSTEMPATH\CodeIgniter.php(457): CodeIgniter\CodeIgniter->runController(Object(App\Controllers\Jadwal))
 4 SYSTEMPATH\CodeIgniter.php(340): CodeIgniter\CodeIgniter->handleRequest(null, Object(Config\Cache), false)
 5 FCPATH\index.php(67): CodeIgniter\CodeIgniter->run()
CRITICAL - 2023-04-26 11:48:09 --> Undefined variable $lab
in APPPATH\Views\jadwal\v_jadwal.php on line 63.
 1 APPPATH\Views\jadwal\v_jadwal.php(63): CodeIgniter\Debug\Exceptions->errorHandler(2, 'Undefined variable $lab', 'APPPATH\\Views\\jadwal\\v_jadwal.php', 63)
 2 SYSTEMPATH\View\View.php(213): include('APPPATH\\Views\\jadwal\\v_jadwal.php')
 3 SYSTEMPATH\View\View.php(216): CodeIgniter\View\View->CodeIgniter\View\{closure}()
 4 SYSTEMPATH\Common.php(1137): CodeIgniter\View\View->render('jadwal/v_jadwal', [], true)
 5 APPPATH\Views\layout\v_content.php(4): view('jadwal/v_jadwal')
 6 SYSTEMPATH\View\View.php(213): include('APPPATH\\Views\\layout\\v_content.php')
 7 SYSTEMPATH\View\View.php(216): CodeIgniter\View\View->CodeIgniter\View\{closure}()
 8 SYSTEMPATH\Common.php(1137): CodeIgniter\View\View->render('layout/v_content', [], true)
 9 APPPATH\Views\layout\v_wrapper.php(6): view('layout/v_content')
10 SYSTEMPATH\View\View.php(213): include('APPPATH\\Views\\layout\\v_wrapper.php')
11 SYSTEMPATH\View\View.php(216): CodeIgniter\View\View->CodeIgniter\View\{closure}()
12 SYSTEMPATH\Common.php(1137): CodeIgniter\View\View->render('layout/v_wrapper', [], true)
13 APPPATH\Controllers\Jadwal.php(21): view('layout/v_wrapper', [...])
14 SYSTEMPATH\CodeIgniter.php(904): App\Controllers\Jadwal->index_dokter()
15 SYSTEMPATH\CodeIgniter.php(457): CodeIgniter\CodeIgniter->runController(Object(App\Controllers\Jadwal))
16 SYSTEMPATH\CodeIgniter.php(340): CodeIgniter\CodeIgniter->handleRequest(null, Object(Config\Cache), false)
17 FCPATH\index.php(67): CodeIgniter\CodeIgniter->run()
