CRITICAL - 2023-04-21 00:00:20 --> Undefined variable $nakes
in APPPATH\Views\master\v_pasien.php on line 62.
 1 APPPATH\Views\master\v_pasien.php(62): CodeIgniter\Debug\Exceptions->errorHandler(2, 'Undefined variable $nakes', 'APPPATH\\Views\\master\\v_pasien.php', 62)
 2 SYSTEMPATH\View\View.php(213): include('APPPATH\\Views\\master\\v_pasien.php')
 3 SYSTEMPATH\View\View.php(216): CodeIgniter\View\View->CodeIgniter\View\{closure}()
 4 SYSTEMPATH\Common.php(1137): CodeIgniter\View\View->render('master/v_pasien', [], true)
 5 APPPATH\Views\layout\v_content.php(4): view('master/v_pasien')
 6 SYSTEMPATH\View\View.php(213): include('APPPATH\\Views\\layout\\v_content.php')
 7 SYSTEMPATH\View\View.php(216): CodeIgniter\View\View->CodeIgniter\View\{closure}()
 8 SYSTEMPATH\Common.php(1137): CodeIgniter\View\View->render('layout/v_content', [], true)
 9 APPPATH\Views\layout\v_wrapper.php(6): view('layout/v_content')
10 SYSTEMPATH\View\View.php(213): include('APPPATH\\Views\\layout\\v_wrapper.php')
11 SYSTEMPATH\View\View.php(216): CodeIgniter\View\View->CodeIgniter\View\{closure}()
12 SYSTEMPATH\Common.php(1137): CodeIgniter\View\View->render('layout/v_wrapper', [], true)
13 APPPATH\Controllers\Master.php(660): view('layout/v_wrapper', [...])
14 SYSTEMPATH\CodeIgniter.php(904): App\Controllers\Master->index_pasien()
15 SYSTEMPATH\CodeIgniter.php(457): CodeIgniter\CodeIgniter->runController(Object(App\Controllers\Master))
16 SYSTEMPATH\CodeIgniter.php(340): CodeIgniter\CodeIgniter->handleRequest(null, Object(Config\Cache), false)
17 FCPATH\index.php(67): CodeIgniter\CodeIgniter->run()
CRITICAL - 2023-04-21 00:01:47 --> Undefined array key "no_str"
in APPPATH\Views\master\v_pasien.php on line 113.
 1 APPPATH\Views\master\v_pasien.php(113): CodeIgniter\Debug\Exceptions->errorHandler(2, 'Undefined array key "no_str"', 'APPPATH\\Views\\master\\v_pasien.php', 113)
 2 SYSTEMPATH\View\View.php(213): include('APPPATH\\Views\\master\\v_pasien.php')
 3 SYSTEMPATH\View\View.php(216): CodeIgniter\View\View->CodeIgniter\View\{closure}()
 4 SYSTEMPATH\Common.php(1137): CodeIgniter\View\View->render('master/v_pasien', [], true)
 5 APPPATH\Views\layout\v_content.php(4): view('master/v_pasien')
 6 SYSTEMPATH\View\View.php(213): include('APPPATH\\Views\\layout\\v_content.php')
 7 SYSTEMPATH\View\View.php(216): CodeIgniter\View\View->CodeIgniter\View\{closure}()
 8 SYSTEMPATH\Common.php(1137): CodeIgniter\View\View->render('layout/v_content', [], true)
 9 APPPATH\Views\layout\v_wrapper.php(6): view('layout/v_content')
10 SYSTEMPATH\View\View.php(213): include('APPPATH\\Views\\layout\\v_wrapper.php')
11 SYSTEMPATH\View\View.php(216): CodeIgniter\View\View->CodeIgniter\View\{closure}()
12 SYSTEMPATH\Common.php(1137): CodeIgniter\View\View->render('layout/v_wrapper', [], true)
13 APPPATH\Controllers\Master.php(660): view('layout/v_wrapper', [...])
14 SYSTEMPATH\CodeIgniter.php(904): App\Controllers\Master->index_pasien()
15 SYSTEMPATH\CodeIgniter.php(457): CodeIgniter\CodeIgniter->runController(Object(App\Controllers\Master))
16 SYSTEMPATH\CodeIgniter.php(340): CodeIgniter\CodeIgniter->handleRequest(null, Object(Config\Cache), false)
17 FCPATH\index.php(67): CodeIgniter\CodeIgniter->run()
CRITICAL - 2023-04-21 00:02:31 --> Undefined array key "no_str"
in APPPATH\Views\master\v_pasien.php on line 261.
 1 APPPATH\Views\master\v_pasien.php(261): CodeIgniter\Debug\Exceptions->errorHandler(2, 'Undefined array key "no_str"', 'APPPATH\\Views\\master\\v_pasien.php', 261)
 2 SYSTEMPATH\View\View.php(213): include('APPPATH\\Views\\master\\v_pasien.php')
 3 SYSTEMPATH\View\View.php(216): CodeIgniter\View\View->CodeIgniter\View\{closure}()
 4 SYSTEMPATH\Common.php(1137): CodeIgniter\View\View->render('master/v_pasien', [], true)
 5 APPPATH\Views\layout\v_content.php(4): view('master/v_pasien')
 6 SYSTEMPATH\View\View.php(213): include('APPPATH\\Views\\layout\\v_content.php')
 7 SYSTEMPATH\View\View.php(216): CodeIgniter\View\View->CodeIgniter\View\{closure}()
 8 SYSTEMPATH\Common.php(1137): CodeIgniter\View\View->render('layout/v_content', [], true)
 9 APPPATH\Views\layout\v_wrapper.php(6): view('layout/v_content')
10 SYSTEMPATH\View\View.php(213): include('APPPATH\\Views\\layout\\v_wrapper.php')
11 SYSTEMPATH\View\View.php(216): CodeIgniter\View\View->CodeIgniter\View\{closure}()
12 SYSTEMPATH\Common.php(1137): CodeIgniter\View\View->render('layout/v_wrapper', [], true)
13 APPPATH\Controllers\Master.php(660): view('layout/v_wrapper', [...])
14 SYSTEMPATH\CodeIgniter.php(904): App\Controllers\Master->index_pasien()
15 SYSTEMPATH\CodeIgniter.php(457): CodeIgniter\CodeIgniter->runController(Object(App\Controllers\Master))
16 SYSTEMPATH\CodeIgniter.php(340): CodeIgniter\CodeIgniter->handleRequest(null, Object(Config\Cache), false)
17 FCPATH\index.php(67): CodeIgniter\CodeIgniter->run()
CRITICAL - 2023-04-21 00:02:54 --> Undefined array key "no_str"
in APPPATH\Views\master\v_pasien.php on line 249.
 1 APPPATH\Views\master\v_pasien.php(249): CodeIgniter\Debug\Exceptions->errorHandler(2, 'Undefined array key "no_str"', 'APPPATH\\Views\\master\\v_pasien.php', 249)
 2 SYSTEMPATH\View\View.php(213): include('APPPATH\\Views\\master\\v_pasien.php')
 3 SYSTEMPATH\View\View.php(216): CodeIgniter\View\View->CodeIgniter\View\{closure}()
 4 SYSTEMPATH\Common.php(1137): CodeIgniter\View\View->render('master/v_pasien', [], true)
 5 APPPATH\Views\layout\v_content.php(4): view('master/v_pasien')
 6 SYSTEMPATH\View\View.php(213): include('APPPATH\\Views\\layout\\v_content.php')
 7 SYSTEMPATH\View\View.php(216): CodeIgniter\View\View->CodeIgniter\View\{closure}()
 8 SYSTEMPATH\Common.php(1137): CodeIgniter\View\View->render('layout/v_content', [], true)
 9 APPPATH\Views\layout\v_wrapper.php(6): view('layout/v_content')
10 SYSTEMPATH\View\View.php(213): include('APPPATH\\Views\\layout\\v_wrapper.php')
11 SYSTEMPATH\View\View.php(216): CodeIgniter\View\View->CodeIgniter\View\{closure}()
12 SYSTEMPATH\Common.php(1137): CodeIgniter\View\View->render('layout/v_wrapper', [], true)
13 APPPATH\Controllers\Master.php(660): view('layout/v_wrapper', [...])
14 SYSTEMPATH\CodeIgniter.php(904): App\Controllers\Master->index_pasien()
15 SYSTEMPATH\CodeIgniter.php(457): CodeIgniter\CodeIgniter->runController(Object(App\Controllers\Master))
16 SYSTEMPATH\CodeIgniter.php(340): CodeIgniter\CodeIgniter->handleRequest(null, Object(Config\Cache), false)
17 FCPATH\index.php(67): CodeIgniter\CodeIgniter->run()
