CRITICAL - 2023-04-23 18:54:58 --> Undefined array key "username"
in APPPATH\Views\master\v_pasien.php on line 130.
 1 APPPATH\Views\master\v_pasien.php(130): CodeIgniter\Debug\Exceptions->errorHandler(2, 'Undefined array key "username"', 'APPPATH\\Views\\master\\v_pasien.php', 130)
 2 SYSTEMPATH\View\View.php(213): include('APPPATH\\Views\\master\\v_pasien.php')
 3 SYSTEMPATH\View\View.php(216): CodeIgniter\View\View->CodeIgniter\View\{closure}()
 4 SYSTEMPATH\Common.php(1137): CodeIgniter\View\View->render('master/v_pasien', [], true)
 5 APPPATH\Views\layout\v_content.php(4): view('master/v_pasien')
 6 SYSTEMPATH\View\View.php(213): include('APPPATH\\Views\\layout\\v_content.php')
 7 SYSTEMPATH\View\View.php(216): CodeIgniter\View\View->CodeIgniter\View\{closure}()
 8 SYSTEMPATH\Common.php(1137): CodeIgniter\View\View->render('layout/v_content', [], true)
 9 APPPATH\Views\layout\v_wrapper.php(6): view('layout/v_content')
10 SYSTEMPATH\View\View.php(213): include('APPPATH\\Views\\layout\\v_wrapper.php')
11 SYSTEMPATH\View\View.php(216): CodeIgniter\View\View->CodeIgniter\View\{closure}()
12 SYSTEMPATH\Common.php(1137): CodeIgniter\View\View->render('layout/v_wrapper', [], true)
13 APPPATH\Controllers\Master.php(661): view('layout/v_wrapper', [...])
14 SYSTEMPATH\CodeIgniter.php(904): App\Controllers\Master->index_pasien()
15 SYSTEMPATH\CodeIgniter.php(457): CodeIgniter\CodeIgniter->runController(Object(App\Controllers\Master))
16 SYSTEMPATH\CodeIgniter.php(340): CodeIgniter\CodeIgniter->handleRequest(null, Object(Config\Cache), false)
17 FCPATH\index.php(67): CodeIgniter\CodeIgniter->run()
CRITICAL - 2023-04-23 18:55:10 --> Undefined array key "username"
in APPPATH\Views\master\v_pasien.php on line 259.
 1 APPPATH\Views\master\v_pasien.php(259): CodeIgniter\Debug\Exceptions->errorHandler(2, 'Undefined array key "username"', 'APPPATH\\Views\\master\\v_pasien.php', 259)
 2 SYSTEMPATH\View\View.php(213): include('APPPATH\\Views\\master\\v_pasien.php')
 3 SYSTEMPATH\View\View.php(216): CodeIgniter\View\View->CodeIgniter\View\{closure}()
 4 SYSTEMPATH\Common.php(1137): CodeIgniter\View\View->render('master/v_pasien', [], true)
 5 APPPATH\Views\layout\v_content.php(4): view('master/v_pasien')
 6 SYSTEMPATH\View\View.php(213): include('APPPATH\\Views\\layout\\v_content.php')
 7 SYSTEMPATH\View\View.php(216): CodeIgniter\View\View->CodeIgniter\View\{closure}()
 8 SYSTEMPATH\Common.php(1137): CodeIgniter\View\View->render('layout/v_content', [], true)
 9 APPPATH\Views\layout\v_wrapper.php(6): view('layout/v_content')
10 SYSTEMPATH\View\View.php(213): include('APPPATH\\Views\\layout\\v_wrapper.php')
11 SYSTEMPATH\View\View.php(216): CodeIgniter\View\View->CodeIgniter\View\{closure}()
12 SYSTEMPATH\Common.php(1137): CodeIgniter\View\View->render('layout/v_wrapper', [], true)
13 APPPATH\Controllers\Master.php(661): view('layout/v_wrapper', [...])
14 SYSTEMPATH\CodeIgniter.php(904): App\Controllers\Master->index_pasien()
15 SYSTEMPATH\CodeIgniter.php(457): CodeIgniter\CodeIgniter->runController(Object(App\Controllers\Master))
16 SYSTEMPATH\CodeIgniter.php(340): CodeIgniter\CodeIgniter->handleRequest(null, Object(Config\Cache), false)
17 FCPATH\index.php(67): CodeIgniter\CodeIgniter->run()
CRITICAL - 2023-04-23 19:35:41 --> Undefined array key "id_pasien"
in APPPATH\Models\ModelPasien.php on line 36.
 1 APPPATH\Models\ModelPasien.php(36): CodeIgniter\Debug\Exceptions->errorHandler(2, 'Undefined array key "id_pasien"', 'APPPATH\\Models\\ModelPasien.php', 36)
 2 APPPATH\Controllers\Master.php(868): App\Models\ModelPasien->edit([...])
 3 SYSTEMPATH\CodeIgniter.php(904): App\Controllers\Master->edit_pasien('2')
 4 SYSTEMPATH\CodeIgniter.php(457): CodeIgniter\CodeIgniter->runController(Object(App\Controllers\Master))
 5 SYSTEMPATH\CodeIgniter.php(340): CodeIgniter\CodeIgniter->handleRequest(null, Object(Config\Cache), false)
 6 FCPATH\index.php(67): CodeIgniter\CodeIgniter->run()
CRITICAL - 2023-04-23 19:36:55 --> Undefined array key "id_pasien"
in APPPATH\Models\ModelPasien.php on line 36.
 1 APPPATH\Models\ModelPasien.php(36): CodeIgniter\Debug\Exceptions->errorHandler(2, 'Undefined array key "id_pasien"', 'APPPATH\\Models\\ModelPasien.php', 36)
 2 APPPATH\Controllers\Master.php(868): App\Models\ModelPasien->edit([...])
 3 SYSTEMPATH\CodeIgniter.php(904): App\Controllers\Master->edit_pasien('2')
 4 SYSTEMPATH\CodeIgniter.php(457): CodeIgniter\CodeIgniter->runController(Object(App\Controllers\Master))
 5 SYSTEMPATH\CodeIgniter.php(340): CodeIgniter\CodeIgniter->handleRequest(null, Object(Config\Cache), false)
 6 FCPATH\index.php(67): CodeIgniter\CodeIgniter->run()
