CRITICAL - 2023-04-25 07:37:26 --> Undefined property: App\Controllers\Master::$ModelLab
in APPPATH\Controllers\Master.php on line 1669.
 1 APPPATH\Controllers\Master.php(1669): CodeIgniter\Debug\Exceptions->errorHandler(2, 'Undefined property: App\\Controllers\\Master::$ModelLab', 'APPPATH\\Controllers\\Master.php', 1669)
 2 SYSTEMPATH\CodeIgniter.php(904): App\Controllers\Master->index_lab()
 3 SYSTEMPATH\CodeIgniter.php(457): CodeIgniter\CodeIgniter->runController(Object(App\Controllers\Master))
 4 SYSTEMPATH\CodeIgniter.php(340): CodeIgniter\CodeIgniter->handleRequest(null, Object(Config\Cache), false)
 5 FCPATH\index.php(67): CodeIgniter\CodeIgniter->run()
ERROR - 2023-04-25 07:38:07 --> mysqli_sql_exception: Unknown column 'nm_lab' in 'order clause' in C:\xampp\htdocs\klinik\system\Database\MySQLi\Connection.php:292
Stack trace:
#0 C:\xampp\htdocs\klinik\system\Database\MySQLi\Connection.php(292): mysqli->query('SELECT *\nFROM `...', 0)
#1 C:\xampp\htdocs\klinik\system\Database\BaseConnection.php(693): CodeIgniter\Database\MySQLi\Connection->execute('SELECT *\nFROM `...')
#2 C:\xampp\htdocs\klinik\system\Database\BaseConnection.php(620): CodeIgniter\Database\BaseConnection->simpleQuery('SELECT *\nFROM `...')
#3 C:\xampp\htdocs\klinik\system\Database\BaseBuilder.php(1585): CodeIgniter\Database\BaseConnection->query('SELECT *\nFROM `...', Array, false)
#4 C:\xampp\htdocs\klinik\app\Models\ModelLab.php(18): CodeIgniter\Database\BaseBuilder->get()
#5 C:\xampp\htdocs\klinik\app\Controllers\Master.php(1671): App\Models\ModelLab->allData()
#6 C:\xampp\htdocs\klinik\system\CodeIgniter.php(904): App\Controllers\Master->index_lab()
#7 C:\xampp\htdocs\klinik\system\CodeIgniter.php(457): CodeIgniter\CodeIgniter->runController(Object(App\Controllers\Master))
#8 C:\xampp\htdocs\klinik\system\CodeIgniter.php(340): CodeIgniter\CodeIgniter->handleRequest(NULL, Object(Config\Cache), false)
#9 C:\xampp\htdocs\klinik\public\index.php(67): CodeIgniter\CodeIgniter->run()
#10 {main}
CRITICAL - 2023-04-25 07:38:07 --> Call to a member function getResultArray() on bool
in APPPATH\Models\ModelLab.php on line 18.
 1 APPPATH\Controllers\Master.php(1671): App\Models\ModelLab->allData()
 2 SYSTEMPATH\CodeIgniter.php(904): App\Controllers\Master->index_lab()
 3 SYSTEMPATH\CodeIgniter.php(457): CodeIgniter\CodeIgniter->runController(Object(App\Controllers\Master))
 4 SYSTEMPATH\CodeIgniter.php(340): CodeIgniter\CodeIgniter->handleRequest(null, Object(Config\Cache), false)
 5 FCPATH\index.php(67): CodeIgniter\CodeIgniter->run()
CRITICAL - 2023-04-25 07:38:29 --> Undefined variable $obat
in APPPATH\Views\master\v_lab.php on line 62.
 1 APPPATH\Views\master\v_lab.php(62): CodeIgniter\Debug\Exceptions->errorHandler(2, 'Undefined variable $obat', 'APPPATH\\Views\\master\\v_lab.php', 62)
 2 SYSTEMPATH\View\View.php(213): include('APPPATH\\Views\\master\\v_lab.php')
 3 SYSTEMPATH\View\View.php(216): CodeIgniter\View\View->CodeIgniter\View\{closure}()
 4 SYSTEMPATH\Common.php(1137): CodeIgniter\View\View->render('master/v_lab', [], true)
 5 APPPATH\Views\layout\v_content.php(4): view('master/v_lab')
 6 SYSTEMPATH\View\View.php(213): include('APPPATH\\Views\\layout\\v_content.php')
 7 SYSTEMPATH\View\View.php(216): CodeIgniter\View\View->CodeIgniter\View\{closure}()
 8 SYSTEMPATH\Common.php(1137): CodeIgniter\View\View->render('layout/v_content', [], true)
 9 APPPATH\Views\layout\v_wrapper.php(6): view('layout/v_content')
10 SYSTEMPATH\View\View.php(213): include('APPPATH\\Views\\layout\\v_wrapper.php')
11 SYSTEMPATH\View\View.php(216): CodeIgniter\View\View->CodeIgniter\View\{closure}()
12 SYSTEMPATH\Common.php(1137): CodeIgniter\View\View->render('layout/v_wrapper', [], true)
13 APPPATH\Controllers\Master.php(1673): view('layout/v_wrapper', [...])
14 SYSTEMPATH\CodeIgniter.php(904): App\Controllers\Master->index_lab()
15 SYSTEMPATH\CodeIgniter.php(457): CodeIgniter\CodeIgniter->runController(Object(App\Controllers\Master))
16 SYSTEMPATH\CodeIgniter.php(340): CodeIgniter\CodeIgniter->handleRequest(null, Object(Config\Cache), false)
17 FCPATH\index.php(67): CodeIgniter\CodeIgniter->run()
CRITICAL - 2023-04-25 07:45:03 --> Cannot redeclare App\Controllers\Master::edit_obat()
in APPPATH\Controllers\Master.php on line 1716.
 1 [internal function]: CodeIgniter\Debug\Exceptions->shutdownHandler()
